# JRE version: Java(TM) SE Runtime Environment (8.0_111-b14) (build 1.8.0_111-b14)
# Java VM: Java HotSpot(TM) 64-Bit Server VM (25.111-b14 mixed mode windows-amd64 compressed oops)
Heap:
 PSYoungGen      total 138752K, used 21568K [0x00000000d6400000, 0x00000000e4600000, 0x0000000100000000)
  eden space 129024K, 16% used [0x00000000d6400000,0x00000000d79101a0,0x00000000de200000)
  from space 9728K, 0% used [0x00000000de200000,0x00000000de200000,0x00000000deb80000)
  to   space 11776K, 0% used [0x00000000e3a80000,0x00000000e3a80000,0x00000000e4600000)
 ParOldGen       total 69632K, used 15701K [0x0000000082c00000, 0x0000000087000000, 0x00000000d6400000)
  object space 69632K, 22% used [0x0000000082c00000,0x0000000083b55518,0x0000000087000000)
 Metaspace       used 36371K, capacity 38618K, committed 38912K, reserved 1083392K
  class space    used 4926K, capacity 5334K, committed 5376K, reserved 1048576K
GC Heap History (10 events):
Event: 2.794 GC heap before
{Heap before GC invocations=5 (full 0):
 PSYoungGen      total 70656K, used 33497K [0x00000000d6400000, 0x00000000dae00000, 0x0000000100000000)
  eden space 65536K, 44% used [0x00000000d6400000,0x00000000d80422d8,0x00000000da400000)
  from space 5120K, 89% used [0x00000000da900000,0x00000000dad74170,0x00000000dae00000)
  to   space 5120K, 0% used [0x00000000da400000,0x00000000da400000,0x00000000da900000)
 ParOldGen       total 86016K, used 4790K [0x0000000082c00000, 0x0000000088000000, 0x00000000d6400000)
  object space 86016K, 5% used [0x0000000082c00000,0x00000000830adbf8,0x0000000088000000)
 Metaspace       used 20310K, capacity 21204K, committed 21296K, reserved 1069056K
  class space    used 2534K, capacity 2768K, committed 2816K, reserved 1048576K
Event: 2.803 GC heap after
Heap after GC invocations=5 (full 0):
 PSYoungGen      total 70656K, used 5119K [0x00000000d6400000, 0x00000000df600000, 0x0000000100000000)
  eden space 65536K, 0% used [0x00000000d6400000,0x00000000d6400000,0x00000000da400000)
  from space 5120K, 99% used [0x00000000da400000,0x00000000da8fffc8,0x00000000da900000)
  to   space 9216K, 0% used [0x00000000ded00000,0x00000000ded00000,0x00000000df600000)
 ParOldGen       total 86016K, used 6926K [0x0000000082c00000, 0x0000000088000000, 0x00000000d6400000)
  object space 86016K, 8% used [0x0000000082c00000,0x00000000832c3850,0x0000000088000000)
 Metaspace       used 20310K, capacity 21204K, committed 21296K, reserved 1069056K
  class space    used 2534K, capacity 2768K, committed 2816K, reserved 1048576K
}
Event: 2.803 GC heap before
{Heap before GC invocations=6 (full 1):
 PSYoungGen      total 70656K, used 5119K [0x00000000d6400000, 0x00000000df600000, 0x0000000100000000)
  eden space 65536K, 0% used [0x00000000d6400000,0x00000000d6400000,0x00000000da400000)
  from space 5120K, 99% used [0x00000000da400000,0x00000000da8fffc8,0x00000000da900000)
  to   space 9216K, 0% used [0x00000000ded00000,0x00000000ded00000,0x00000000df600000)
 ParOldGen       total 86016K, used 6926K [0x0000000082c00000, 0x0000000088000000, 0x00000000d6400000)
  object space 86016K, 8% used [0x0000000082c00000,0x00000000832c3850,0x0000000088000000)
 Metaspace       used 20310K, capacity 21204K, committed 21296K, reserved 1069056K
  class space    used 2534K, capacity 2768K, committed 2816K, reserved 1048576K
Event: 2.838 GC heap after
Heap after GC invocations=6 (full 1):
 PSYoungGen      total 70656K, used 0K [0x00000000d6400000, 0x00000000df600000, 0x0000000100000000)
  eden space 65536K, 0% used [0x00000000d6400000,0x00000000d6400000,0x00000000da400000)
  from space 5120K, 0% used [0x00000000da400000,0x00000000da400000,0x00000000da900000)
  to   space 9216K, 0% used [0x00000000ded00000,0x00000000ded00000,0x00000000df600000)
 ParOldGen       total 49152K, used 7124K [0x0000000082c00000, 0x0000000085c00000, 0x00000000d6400000)
  object space 49152K, 14% used [0x0000000082c00000,0x00000000832f5018,0x0000000085c00000)
 Metaspace       used 20310K, capacity 21204K, committed 21296K, reserved 1069056K
  class space    used 2534K, capacity 2768K, committed 2816K, reserved 1048576K
}
Event: 4.236 GC heap before
{Heap before GC invocations=7 (full 1):
 PSYoungGen      total 70656K, used 65536K [0x00000000d6400000, 0x00000000df600000, 0x0000000100000000)
  eden space 65536K, 100% used [0x00000000d6400000,0x00000000da400000,0x00000000da400000)
  from space 5120K, 0% used [0x00000000da400000,0x00000000da400000,0x00000000da900000)
  to   space 9216K, 0% used [0x00000000ded00000,0x00000000ded00000,0x00000000df600000)
 ParOldGen       total 49152K, used 7124K [0x0000000082c00000, 0x0000000085c00000, 0x00000000d6400000)
  object space 49152K, 14% used [0x0000000082c00000,0x00000000832f5018,0x0000000085c00000)
 Metaspace       used 25376K, capacity 26802K, committed 26880K, reserved 1073152K
  class space    used 3271K, capacity 3561K, committed 3584K, reserved 1048576K
Event: 4.253 GC heap after
Heap after GC invocations=7 (full 1):
 PSYoungGen      total 126464K, used 7794K [0x00000000d6400000, 0x00000000df500000, 0x0000000100000000)
  eden space 118272K, 0% used [0x00000000d6400000,0x00000000d6400000,0x00000000dd780000)
  from space 8192K, 95% used [0x00000000ded00000,0x00000000df49ca98,0x00000000df500000)
  to   space 9728K, 0% used [0x00000000de200000,0x00000000de200000,0x00000000deb80000)
 ParOldGen       total 49152K, used 7132K [0x0000000082c00000, 0x0000000085c00000, 0x00000000d6400000)
  object space 49152K, 14% used [0x0000000082c00000,0x00000000832f7018,0x0000000085c00000)
 Metaspace       used 25376K, capacity 26802K, committed 26880K, reserved 1073152K
  class space    used 3271K, capacity 3561K, committed 3584K, reserved 1048576K
}
Event: 6.836 GC heap before
{Heap before GC invocations=8 (full 1):
 PSYoungGen      total 126464K, used 109450K [0x00000000d6400000, 0x00000000df500000, 0x0000000100000000)
  eden space 118272K, 85% used [0x00000000d6400000,0x00000000dc745d98,0x00000000dd780000)
  from space 8192K, 95% used [0x00000000ded00000,0x00000000df49ca98,0x00000000df500000)
  to   space 9728K, 0% used [0x00000000de200000,0x00000000de200000,0x00000000deb80000)
 ParOldGen       total 49152K, used 7132K [0x0000000082c00000, 0x0000000085c00000, 0x00000000d6400000)
  object space 49152K, 14% used [0x0000000082c00000,0x00000000832f7018,0x0000000085c00000)
 Metaspace       used 33293K, capacity 35396K, committed 35456K, reserved 1079296K
  class space    used 4325K, capacity 4690K, committed 4736K, reserved 1048576K
Event: 6.855 GC heap after
Heap after GC invocations=8 (full 1):
 PSYoungGen      total 138752K, used 9708K [0x00000000d6400000, 0x00000000e4600000, 0x0000000100000000)
  eden space 129024K, 0% used [0x00000000d6400000,0x00000000d6400000,0x00000000de200000)
  from space 9728K, 99% used [0x00000000de200000,0x00000000deb7b328,0x00000000deb80000)
  to   space 11776K, 0% used [0x00000000e3a80000,0x00000000e3a80000,0x00000000e4600000)
 ParOldGen       total 49152K, used 8826K [0x0000000082c00000, 0x0000000085c00000, 0x00000000d6400000)
  object space 49152K, 17% used [0x0000000082c00000,0x000000008349e828,0x0000000085c00000)
 Metaspace       used 33293K, capacity 35396K, committed 35456K, reserved 1079296K
  class space    used 4325K, capacity 4690K, committed 4736K, reserved 1048576K
}
Event: 6.855 GC heap before
{Heap before GC invocations=9 (full 2):
 PSYoungGen      total 138752K, used 9708K [0x00000000d6400000, 0x00000000e4600000, 0x0000000100000000)
  eden space 129024K, 0% used [0x00000000d6400000,0x00000000d6400000,0x00000000de200000)
  from space 9728K, 99% used [0x00000000de200000,0x00000000deb7b328,0x00000000deb80000)
  to   space 11776K, 0% used [0x00000000e3a80000,0x00000000e3a80000,0x00000000e4600000)
 ParOldGen       total 49152K, used 8826K [0x0000000082c00000, 0x0000000085c00000, 0x00000000d6400000)
  object space 49152K, 17% used [0x0000000082c00000,0x000000008349e828,0x0000000085c00000)
 Metaspace       used 33293K, capacity 35396K, committed 35456K, reserved 1079296K
  class space    used 4325K, capacity 4690K, committed 4736K, reserved 1048576K
Event: 6.943 GC heap after
Heap after GC invocations=9 (full 2):
 PSYoungGen      total 138752K, used 0K [0x00000000d6400000, 0x00000000e4600000, 0x0000000100000000)
  eden space 129024K, 0% used [0x00000000d6400000,0x00000000d6400000,0x00000000de200000)
  from space 9728K, 0% used [0x00000000de200000,0x00000000de200000,0x00000000deb80000)
  to   space 11776K, 0% used [0x00000000e3a80000,0x00000000e3a80000,0x00000000e4600000)
 ParOldGen       total 69632K, used 15701K [0x0000000082c00000, 0x0000000087000000, 0x00000000d6400000)
  object space 69632K, 22% used [0x0000000082c00000,0x0000000083b55518,0x0000000087000000)
 Metaspace       used 33293K, capacity 35396K, committed 35456K, reserved 1079296K
  class space    used 4325K, capacity 4690K, committed 4736K, reserved 1048576K
}

